<?xml version="1.0" encoding="UTF-8"?>
<testsuite name="serverless.jvm.plugin.LambdaClassLoaderTest" tests="2" skipped="0" failures="0" errors="0" timestamp="2022-05-16T12:39:47" hostname="Jankos-MacBook-Pro.local" time="0.015">
  <properties/>
  <testcase name="should fail with unsupported file format" classname="serverless.jvm.plugin.LambdaClassLoaderTest" time="0.015"/>
  <testcase name="should fail with missing file" classname="serverless.jvm.plugin.LambdaClassLoaderTest" time="0.0"/>
  <system-out><![CDATA[]]></system-out>
  <system-err><![CDATA[]]></system-err>
</testsuite>
