<?xml version="1.0" encoding="UTF-8"?>
<testsuite name="serverless.jvm.plugin.LambdaFunctionTest" tests="5" skipped="0" failures="0" errors="0" timestamp="2022-05-16T12:39:44" hostname="Jankos-MacBook-Pro.local" time="1.739">
  <properties/>
  <testcase name="should fail with missing handler method" classname="serverless.jvm.plugin.LambdaFunctionTest" time="1.37"/>
  <testcase name="should fail with handler method not found" classname="serverless.jvm.plugin.LambdaFunctionTest" time="0.177"/>
  <testcase name="should detect lambda function class and method in zip file" classname="serverless.jvm.plugin.LambdaFunctionTest" time="0.122"/>
  <testcase name="should detect lambda function class and method in uber jar" classname="serverless.jvm.plugin.LambdaFunctionTest" time="0.037"/>
  <testcase name="should detect lambda function class and method in uber jar without method specified in handler" classname="serverless.jvm.plugin.LambdaFunctionTest" time="0.032"/>
  <system-out><![CDATA[]]></system-out>
  <system-err><![CDATA[]]></system-err>
</testsuite>
